#
# There is insufficient memory for the Java Runtime Environment to continue.
# Native memory allocation (mmap) failed to map 65536 bytes for Failed to commit metaspace.
# Possible reasons:
#   The system is out of physical RAM or swap space
#   The process is running with CompressedOops enabled, and the Java Heap may be blocking the growth of the native heap
# Possible solutions:
#   Reduce memory load on the system
#   Increase physical memory or swap space
#   Check if swap backing store is full
#   Decrease Java heap size (-Xmx/-Xms)
#   Decrease number of Java threads
#   Decrease Java thread stack sizes (-Xss)
#   Set larger code cache with -XX:ReservedCodeCacheSize=
#   JVM is running with Unscaled Compressed Oops mode in which the Java heap is
#     placed in the first 4GB address space. The Java Heap base address is the
#     maximum limit for the native heap growth. Please use -XX:HeapBaseMinAddress
#     to set the Java Heap base and to place the Java Heap above 4GB virtual address.
# This output file may be truncated or incomplete.
#
#  Out of Memory Error (virtualSpaceNode.cpp:110), pid=26128, tid=10004
#
# JRE version: Java(TM) SE Runtime Environment (17.0.8+9) (build 17.0.8+9-LTS-211)
# Java VM: Java HotSpot(TM) 64-Bit Server VM (17.0.8+9-LTS-211, mixed mode, sharing, tiered, compressed oops, compressed class ptrs, g1 gc, windows-amd64)
# No core dump will be written. Minidumps are not enabled by default on client versions of Windows
#

---------------  S U M M A R Y ------------

Command Line: -Dfile.encoding=UTF-8 --module-path=C:\Users\saish\OneDrive\Documents\NetBeansProjects\universitymanagementsystem\build\classes universitymanagementsystem.AddStudent

Host: AMD Ryzen 7 5800H with Radeon Graphics         , 16 cores, 5G,  Windows 11 , 64 bit Build 22621 (10.0.22621.2428)
Time: Sat Nov 18 13:42:56 2023 India Standard Time elapsed time: 1975.373221 seconds (0d 0h 32m 55s)

---------------  T H R E A D  ---------------

Current thread (0x0000015400521960):  JavaThread "AWT-EventQueue-0" [_thread_in_vm, id=10004, stack(0x0000001d41d00000,0x0000001d41e00000)]

Stack: [0x0000001d41d00000,0x0000001d41e00000]
Native frames: (J=compiled Java code, j=interpreted, Vv=VM code, C=native code)
V  [jvm.dll+0x677d0a]
V  [jvm.dll+0x7d8c54]
V  [jvm.dll+0x7da3fe]
V  [jvm.dll+0x7daa63]
V  [jvm.dll+0x245c5f]
V  [jvm.dll+0x7d4d5b]
V  [jvm.dll+0x61dcf6]
V  [jvm.dll+0x1c0127]
V  [jvm.dll+0x620650]
V  [jvm.dll+0x61e6b6]
V  [jvm.dll+0x369eb2]
V  [jvm.dll+0x1e1aab]
V  [jvm.dll+0x53dde5]
V  [jvm.dll+0x1f0c0a]
V  [jvm.dll+0x752b7d]
V  [jvm.dll+0x753f76]
V  [jvm.dll+0x7542a8]
V  [jvm.dll+0x23e01b]
V  [jvm.dll+0x37d84e]
C  0x000001542b8fb7f7

Java frames: (J=compiled Java code, j=interpreted, Vv=VM code)
j  java.awt.image.Raster.createPackedRaster(III[ILjava/awt/Point;)Ljava/awt/image/WritableRaster;+62 java.desktop@17.0.8
j  java.awt.image.DirectColorModel.createCompatibleWritableRaster(II)Ljava/awt/image/WritableRaster;+83 java.desktop@17.0.8
j  java.awt.GraphicsConfiguration.createCompatibleImage(II)Ljava/awt/image/BufferedImage;+8 java.desktop@17.0.8
j  java.awt.GraphicsConfiguration.createCompatibleImage(III)Ljava/awt/image/BufferedImage;+14 java.desktop@17.0.8
j  sun.awt.image.SunVolatileImage.getBackupImage(DD)Ljava/awt/image/BufferedImage;+36 java.desktop@17.0.8
j  sun.awt.image.VolatileSurfaceManager.getBackupSurface()Lsun/java2d/SurfaceData;+38 java.desktop@17.0.8
j  sun.awt.image.VolatileSurfaceManager.displayChanged()V+33 java.desktop@17.0.8
j  sun.awt.SunDisplayChanger.notifyListeners()V+105 java.desktop@17.0.8
j  sun.awt.Win32GraphicsEnvironment.displayChanged()V+291 java.desktop@17.0.8
j  sun.awt.windows.WToolkit.lambda$displayChanged$4()V+15 java.desktop@17.0.8
j  sun.awt.windows.WToolkit$$Lambda$141+0x000001543c0bf090.run()V+0 java.desktop@17.0.8
j  java.awt.event.InvocationEvent.dispatch()V+47 java.desktop@17.0.8
J 850 c1 java.awt.EventQueue.dispatchEventImpl(Ljava/awt/AWTEvent;Ljava/lang/Object;)V java.desktop@17.0.8 (136 bytes) @ 0x00000154245c21b4 [0x00000154245c06e0+0x0000000000001ad4]
J 849 c1 java.awt.EventQueue$4.run()Ljava/lang/Void; java.desktop@17.0.8 (60 bytes) @ 0x00000154245c000c [0x00000154245bfee0+0x000000000000012c]
J 844 c1 java.awt.EventQueue.dispatchEvent(Ljava/awt/AWTEvent;)V java.desktop@17.0.8 (80 bytes) @ 0x00000154245bce0c [0x00000154245bc860+0x00000000000005ac]
j  java.awt.EventDispatchThread.pumpOneEventForFilters(I)V+78 java.desktop@17.0.8
j  java.awt.EventDispatchThread.pumpEventsForFilter(ILjava/awt/Conditional;Ljava/awt/EventFilter;)V+35 java.desktop@17.0.8
j  java.awt.EventDispatchThread.pumpEventsForHierarchy(ILjava/awt/Conditional;Ljava/awt/Component;)V+11 java.desktop@17.0.8
j  java.awt.EventDispatchThread.pumpEvents(ILjava/awt/Conditional;)V+4 java.desktop@17.0.8
j  java.awt.EventDispatchThread.pumpEvents(Ljava/awt/Conditional;)V+3 java.desktop@17.0.8
j  java.awt.EventDispatchThread.run()V+9 java.desktop@17.0.8
v  ~StubRoutines::call_stub

---------------  P R O C E S S  ---------------

Threads class SMR info:
_java_thread_list=0x0000015400669e20, length=17, elements={
0x000001543a40c280, 0x000001543a40d0f0, 0x000001543a41bce0, 0x000001543a41e6a0,
0x000001543a41f050, 0x000001543a420a10, 0x000001543a4234f0, 0x000001543a430bf0,
0x000001543a444910, 0x000001543a3f47d0, 0x000001543a6ad8f0, 0x000001543a8d3f20,
0x000001543a8d6eb0, 0x000001543a8e03d0, 0x0000015400521960, 0x000001541cbe9340,
0x00000154005aead0
}

Java Threads: ( => current thread )
  0x000001543a40c280 JavaThread "Reference Handler" daemon [_thread_blocked, id=16888, stack(0x0000001d40100000,0x0000001d40200000)]
  0x000001543a40d0f0 JavaThread "Finalizer" daemon [_thread_blocked, id=14224, stack(0x0000001d40200000,0x0000001d40300000)]
  0x000001543a41bce0 JavaThread "Signal Dispatcher" daemon [_thread_blocked, id=20080, stack(0x0000001d40300000,0x0000001d40400000)]
  0x000001543a41e6a0 JavaThread "Attach Listener" daemon [_thread_blocked, id=23720, stack(0x0000001d40400000,0x0000001d40500000)]
  0x000001543a41f050 JavaThread "Service Thread" daemon [_thread_blocked, id=23504, stack(0x0000001d40500000,0x0000001d40600000)]
  0x000001543a420a10 JavaThread "Monitor Deflation Thread" daemon [_thread_blocked, id=14168, stack(0x0000001d40600000,0x0000001d40700000)]
  0x000001543a4234f0 JavaThread "C2 CompilerThread0" daemon [_thread_blocked, id=29468, stack(0x0000001d40700000,0x0000001d40800000)]
  0x000001543a430bf0 JavaThread "C1 CompilerThread0" daemon [_thread_blocked, id=380, stack(0x0000001d40800000,0x0000001d40900000)]
  0x000001543a444910 JavaThread "Sweeper thread" daemon [_thread_blocked, id=15872, stack(0x0000001d40900000,0x0000001d40a00000)]
  0x000001543a3f47d0 JavaThread "Common-Cleaner" daemon [_thread_blocked, id=27144, stack(0x0000001d40a00000,0x0000001d40b00000)]
  0x000001543a6ad8f0 JavaThread "Notification Thread" daemon [_thread_blocked, id=8672, stack(0x0000001d40c00000,0x0000001d40d00000)]
  0x000001543a8d3f20 JavaThread "Java2D Disposer" daemon [_thread_blocked, id=5284, stack(0x0000001d40e00000,0x0000001d40f00000)]
  0x000001543a8d6eb0 JavaThread "AWT-Shutdown" [_thread_blocked, id=25496, stack(0x0000001d40f00000,0x0000001d41000000)]
  0x000001543a8e03d0 JavaThread "AWT-Windows" daemon [_thread_in_native, id=25740, stack(0x0000001d41000000,0x0000001d41100000)]
=>0x0000015400521960 JavaThread "AWT-EventQueue-0" [_thread_in_vm, id=10004, stack(0x0000001d41d00000,0x0000001d41e00000)]
  0x000001541cbe9340 JavaThread "DestroyJavaVM" [_thread_blocked, id=24552, stack(0x0000001d3fa00000,0x0000001d3fb00000)]
  0x00000154005aead0 JavaThread "D3D Screen Updater" daemon [_thread_blocked, id=19228, stack(0x0000001d41e00000,0x0000001d41f00000)]

Other Threads:
  0x000001543a404670 VMThread "VM Thread" [stack: 0x0000001d40000000,0x0000001d40100000] [id=29540]
  0x000001541cc5c750 WatcherThread [stack: 0x0000001d40d00000,0x0000001d40e00000] [id=28432]
  0x000001541cc357e0 GCTaskThread "GC Thread#0" [stack: 0x0000001d3fb00000,0x0000001d3fc00000] [id=24596]
  0x000001541cc422a0 ConcurrentGCThread "G1 Main Marker" [stack: 0x0000001d3fc00000,0x0000001d3fd00000] [id=14128]
  0x000001541cc43450 ConcurrentGCThread "G1 Conc#0" [stack: 0x0000001d3fd00000,0x0000001d3fe00000] [id=2868]
  0x000001541ccbec70 ConcurrentGCThread "G1 Refine#0" [stack: 0x0000001d3fe00000,0x0000001d3ff00000] [id=26380]
  0x000001543a2c07d0 ConcurrentGCThread "G1 Service" [stack: 0x0000001d3ff00000,0x0000001d40000000] [id=9848]

Threads with active compile tasks:

VM state: not at safepoint (normal execution)

VM Mutex/Monitor currently owned by a thread:  ([mutex/lock_event])
[0x000001541cbe3a00] Metaspace_lock - owner thread: 0x0000015400521960

Heap address: 0x00000000a2400000, size: 1500 MB, Compressed Oops mode: 32-bit

CDS archive(s) mapped at: [0x000001543b000000-0x000001543bbd0000-0x000001543bbd0000), size 12386304, SharedBaseAddress: 0x000001543b000000, ArchiveRelocationMode: 1.
Compressed class space mapped at: 0x000001543c000000-0x000001547c000000, reserved size: 1073741824
Narrow klass base: 0x000001543b000000, Narrow klass shift: 0, Narrow klass range: 0x100000000

GC Precious Log:
 CPUs: 16 total, 16 available
 Memory: 5996M
 Large Page Support: Disabled
 NUMA Support: Disabled
 Compressed Oops: Enabled (32-bit)
 Heap Region Size: 1M
 Heap Min Capacity: 8M
 Heap Initial Capacity: 94M
 Heap Max Capacity: 1500M
 Pre-touch: Disabled
 Parallel Workers: 13
 Concurrent Workers: 3
 Concurrent Refinement Workers: 13
 Periodic GC: Disabled

Heap:
 garbage-first heap   total 96256K, used 7168K [0x00000000a2400000, 0x0000000100000000)
  region size 1024K, 8 young (8192K), 0 survivors (0K)
 Metaspace       used 6629K, committed 6784K, reserved 1114112K
  class space    used 741K, committed 832K, reserved 1048576K

Heap Regions: E=young(eden), S=young(survivor), O=old, HS=humongous(starts), HC=humongous(continues), CS=collection set, F=free, OA=open archive, CA=closed archive, TAMS=top-at-mark-start (previous, next)
|   0|0x00000000a2400000, 0x00000000a2400000, 0x00000000a2500000|  0%| F|  |TAMS 0x00000000a2400000, 0x00000000a2400000| Untracked 
|   1|0x00000000a2500000, 0x00000000a2500000, 0x00000000a2600000|  0%| F|  |TAMS 0x00000000a2500000, 0x00000000a2500000| Untracked 
|   2|0x00000000a2600000, 0x00000000a2600000, 0x00000000a2700000|  0%| F|  |TAMS 0x00000000a2600000, 0x00000000a2600000| Untracked 
|   3|0x00000000a2700000, 0x00000000a2700000, 0x00000000a2800000|  0%| F|  |TAMS 0x00000000a2700000, 0x00000000a2700000| Untracked 
|   4|0x00000000a2800000, 0x00000000a2800000, 0x00000000a2900000|  0%| F|  |TAMS 0x00000000a2800000, 0x00000000a2800000| Untracked 
|   5|0x00000000a2900000, 0x00000000a2900000, 0x00000000a2a00000|  0%| F|  |TAMS 0x00000000a2900000, 0x00000000a2900000| Untracked 
|   6|0x00000000a2a00000, 0x00000000a2a00000, 0x00000000a2b00000|  0%| F|  |TAMS 0x00000000a2a00000, 0x00000000a2a00000| Untracked 
|   7|0x00000000a2b00000, 0x00000000a2b00000, 0x00000000a2c00000|  0%| F|  |TAMS 0x00000000a2b00000, 0x00000000a2b00000| Untracked 
|   8|0x00000000a2c00000, 0x00000000a2c00000, 0x00000000a2d00000|  0%| F|  |TAMS 0x00000000a2c00000, 0x00000000a2c00000| Untracked 
|   9|0x00000000a2d00000, 0x00000000a2d00000, 0x00000000a2e00000|  0%| F|  |TAMS 0x00000000a2d00000, 0x00000000a2d00000| Untracked 
|  10|0x00000000a2e00000, 0x00000000a2e00000, 0x00000000a2f00000|  0%| F|  |TAMS 0x00000000a2e00000, 0x00000000a2e00000| Untracked 
|  11|0x00000000a2f00000, 0x00000000a2f00000, 0x00000000a3000000|  0%| F|  |TAMS 0x00000000a2f00000, 0x00000000a2f00000| Untracked 
|  12|0x00000000a3000000, 0x00000000a3000000, 0x00000000a3100000|  0%| F|  |TAMS 0x00000000a3000000, 0x00000000a3000000| Untracked 
|  13|0x00000000a3100000, 0x00000000a3100000, 0x00000000a3200000|  0%| F|  |TAMS 0x00000000a3100000, 0x00000000a3100000| Untracked 
|  14|0x00000000a3200000, 0x00000000a3200000, 0x00000000a3300000|  0%| F|  |TAMS 0x00000000a3200000, 0x00000000a3200000| Untracked 
|  15|0x00000000a3300000, 0x00000000a3300000, 0x00000000a3400000|  0%| F|  |TAMS 0x00000000a3300000, 0x00000000a3300000| Untracked 
|  16|0x00000000a3400000, 0x00000000a3400000, 0x00000000a3500000|  0%| F|  |TAMS 0x00000000a3400000, 0x00000000a3400000| Untracked 
|  17|0x00000000a3500000, 0x00000000a3500000, 0x00000000a3600000|  0%| F|  |TAMS 0x00000000a3500000, 0x00000000a3500000| Untracked 
|  18|0x00000000a3600000, 0x00000000a3600000, 0x00000000a3700000|  0%| F|  |TAMS 0x00000000a3600000, 0x00000000a3600000| Untracked 
|  19|0x00000000a3700000, 0x00000000a3700000, 0x00000000a3800000|  0%| F|  |TAMS 0x00000000a3700000, 0x00000000a3700000| Untracked 
|  20|0x00000000a3800000, 0x00000000a3800000, 0x00000000a3900000|  0%| F|  |TAMS 0x00000000a3800000, 0x00000000a3800000| Untracked 
|  21|0x00000000a3900000, 0x00000000a3900000, 0x00000000a3a00000|  0%| F|  |TAMS 0x00000000a3900000, 0x00000000a3900000| Untracked 
|  22|0x00000000a3a00000, 0x00000000a3a00000, 0x00000000a3b00000|  0%| F|  |TAMS 0x00000000a3a00000, 0x00000000a3a00000| Untracked 
|  23|0x00000000a3b00000, 0x00000000a3b00000, 0x00000000a3c00000|  0%| F|  |TAMS 0x00000000a3b00000, 0x00000000a3b00000| Untracked 
|  24|0x00000000a3c00000, 0x00000000a3c00000, 0x00000000a3d00000|  0%| F|  |TAMS 0x00000000a3c00000, 0x00000000a3c00000| Untracked 
|  25|0x00000000a3d00000, 0x00000000a3d00000, 0x00000000a3e00000|  0%| F|  |TAMS 0x00000000a3d00000, 0x00000000a3d00000| Untracked 
|  26|0x00000000a3e00000, 0x00000000a3e00000, 0x00000000a3f00000|  0%| F|  |TAMS 0x00000000a3e00000, 0x00000000a3e00000| Untracked 
|  27|0x00000000a3f00000, 0x00000000a3f00000, 0x00000000a4000000|  0%| F|  |TAMS 0x00000000a3f00000, 0x00000000a3f00000| Untracked 
|  28|0x00000000a4000000, 0x00000000a4000000, 0x00000000a4100000|  0%| F|  |TAMS 0x00000000a4000000, 0x00000000a4000000| Untracked 
|  29|0x00000000a4100000, 0x00000000a4100000, 0x00000000a4200000|  0%| F|  |TAMS 0x00000000a4100000, 0x00000000a4100000| Untracked 
|  30|0x00000000a4200000, 0x00000000a4200000, 0x00000000a4300000|  0%| F|  |TAMS 0x00000000a4200000, 0x00000000a4200000| Untracked 
|  31|0x00000000a4300000, 0x00000000a4300000, 0x00000000a4400000|  0%| F|  |TAMS 0x00000000a4300000, 0x00000000a4300000| Untracked 
|  32|0x00000000a4400000, 0x00000000a4400000, 0x00000000a4500000|  0%| F|  |TAMS 0x00000000a4400000, 0x00000000a4400000| Untracked 
|  33|0x00000000a4500000, 0x00000000a4500000, 0x00000000a4600000|  0%| F|  |TAMS 0x00000000a4500000, 0x00000000a4500000| Untracked 
|  34|0x00000000a4600000, 0x00000000a4600000, 0x00000000a4700000|  0%| F|  |TAMS 0x00000000a4600000, 0x00000000a4600000| Untracked 
|  35|0x00000000a4700000, 0x00000000a4700000, 0x00000000a4800000|  0%| F|  |TAMS 0x00000000a4700000, 0x00000000a4700000| Untracked 
|  36|0x00000000a4800000, 0x00000000a4800000, 0x00000000a4900000|  0%| F|  |TAMS 0x00000000a4800000, 0x00000000a4800000| Untracked 
|  37|0x00000000a4900000, 0x00000000a4900000, 0x00000000a4a00000|  0%| F|  |TAMS 0x00000000a4900000, 0x00000000a4900000| Untracked 
|  38|0x00000000a4a00000, 0x00000000a4a00000, 0x00000000a4b00000|  0%| F|  |TAMS 0x00000000a4a00000, 0x00000000a4a00000| Untracked 
|  39|0x00000000a4b00000, 0x00000000a4b00000, 0x00000000a4c00000|  0%| F|  |TAMS 0x00000000a4b00000, 0x00000000a4b00000| Untracked 
|  40|0x00000000a4c00000, 0x00000000a4c00000, 0x00000000a4d00000|  0%| F|  |TAMS 0x00000000a4c00000, 0x00000000a4c00000| Untracked 
|  41|0x00000000a4d00000, 0x00000000a4d00000, 0x00000000a4e00000|  0%| F|  |TAMS 0x00000000a4d00000, 0x00000000a4d00000| Untracked 
|  42|0x00000000a4e00000, 0x00000000a4e00000, 0x00000000a4f00000|  0%| F|  |TAMS 0x00000000a4e00000, 0x00000000a4e00000| Untracked 
|  43|0x00000000a4f00000, 0x00000000a4f00000, 0x00000000a5000000|  0%| F|  |TAMS 0x00000000a4f00000, 0x00000000a4f00000| Untracked 
|  44|0x00000000a5000000, 0x00000000a5000000, 0x00000000a5100000|  0%| F|  |TAMS 0x00000000a5000000, 0x00000000a5000000| Untracked 
|  45|0x00000000a5100000, 0x00000000a5100000, 0x00000000a5200000|  0%| F|  |TAMS 0x00000000a5100000, 0x00000000a5100000| Untracked 
|  46|0x00000000a5200000, 0x00000000a5200000, 0x00000000a5300000|  0%| F|  |TAMS 0x00000000a5200000, 0x00000000a5200000| Untracked 
|  47|0x00000000a5300000, 0x00000000a5300000, 0x00000000a5400000|  0%| F|  |TAMS 0x00000000a5300000, 0x00000000a5300000| Untracked 
|  48|0x00000000a5400000, 0x00000000a5400000, 0x00000000a5500000|  0%| F|  |TAMS 0x00000000a5400000, 0x00000000a5400000| Untracked 
|  49|0x00000000a5500000, 0x00000000a5500000, 0x00000000a5600000|  0%| F|  |TAMS 0x00000000a5500000, 0x00000000a5500000| Untracked 
|  50|0x00000000a5600000, 0x00000000a5600000, 0x00000000a5700000|  0%| F|  |TAMS 0x00000000a5600000, 0x00000000a5600000| Untracked 
|  51|0x00000000a5700000, 0x00000000a5700000, 0x00000000a5800000|  0%| F|  |TAMS 0x00000000a5700000, 0x00000000a5700000| Untracked 
|  52|0x00000000a5800000, 0x00000000a5800000, 0x00000000a5900000|  0%| F|  |TAMS 0x00000000a5800000, 0x00000000a5800000| Untracked 
|  53|0x00000000a5900000, 0x00000000a5900000, 0x00000000a5a00000|  0%| F|  |TAMS 0x00000000a5900000, 0x00000000a5900000| Untracked 
|  54|0x00000000a5a00000, 0x00000000a5a00000, 0x00000000a5b00000|  0%| F|  |TAMS 0x00000000a5a00000, 0x00000000a5a00000| Untracked 
|  55|0x00000000a5b00000, 0x00000000a5b00000, 0x00000000a5c00000|  0%| F|  |TAMS 0x00000000a5b00000, 0x00000000a5b00000| Untracked 
|  56|0x00000000a5c00000, 0x00000000a5c00000, 0x00000000a5d00000|  0%| F|  |TAMS 0x00000000a5c00000, 0x00000000a5c00000| Untracked 
|  57|0x00000000a5d00000, 0x00000000a5d00000, 0x00000000a5e00000|  0%| F|  |TAMS 0x00000000a5d00000, 0x00000000a5d00000| Untracked 
|  58|0x00000000a5e00000, 0x00000000a5e00000, 0x00000000a5f00000|  0%| F|  |TAMS 0x00000000a5e00000, 0x00000000a5e00000| Untracked 
|  59|0x00000000a5f00000, 0x00000000a5f00000, 0x00000000a6000000|  0%| F|  |TAMS 0x00000000a5f00000, 0x00000000a5f00000| Untracked 
|  60|0x00000000a6000000, 0x00000000a6000000, 0x00000000a6100000|  0%| F|  |TAMS 0x00000000a6000000, 0x00000000a6000000| Untracked 
|  61|0x00000000a6100000, 0x00000000a6100000, 0x00000000a6200000|  0%| F|  |TAMS 0x00000000a6100000, 0x00000000a6100000| Untracked 
|  62|0x00000000a6200000, 0x00000000a6200000, 0x00000000a6300000|  0%| F|  |TAMS 0x00000000a6200000, 0x00000000a6200000| Untracked 
|  63|0x00000000a6300000, 0x00000000a6300000, 0x00000000a6400000|  0%| F|  |TAMS 0x00000000a6300000, 0x00000000a6300000| Untracked 
|  64|0x00000000a6400000, 0x00000000a6400000, 0x00000000a6500000|  0%| F|  |TAMS 0x00000000a6400000, 0x00000000a6400000| Untracked 
|  65|0x00000000a6500000, 0x00000000a6500000, 0x00000000a6600000|  0%| F|  |TAMS 0x00000000a6500000, 0x00000000a6500000| Untracked 
|  66|0x00000000a6600000, 0x00000000a6600000, 0x00000000a6700000|  0%| F|  |TAMS 0x00000000a6600000, 0x00000000a6600000| Untracked 
|  67|0x00000000a6700000, 0x00000000a6700000, 0x00000000a6800000|  0%| F|  |TAMS 0x00000000a6700000, 0x00000000a6700000| Untracked 
|  68|0x00000000a6800000, 0x00000000a6800000, 0x00000000a6900000|  0%| F|  |TAMS 0x00000000a6800000, 0x00000000a6800000| Untracked 
|  69|0x00000000a6900000, 0x00000000a6900000, 0x00000000a6a00000|  0%| F|  |TAMS 0x00000000a6900000, 0x00000000a6900000| Untracked 
|  70|0x00000000a6a00000, 0x00000000a6a00000, 0x00000000a6b00000|  0%| F|  |TAMS 0x00000000a6a00000, 0x00000000a6a00000| Untracked 
|  71|0x00000000a6b00000, 0x00000000a6b00000, 0x00000000a6c00000|  0%| F|  |TAMS 0x00000000a6b00000, 0x00000000a6b00000| Untracked 
|  72|0x00000000a6c00000, 0x00000000a6c00000, 0x00000000a6d00000|  0%| F|  |TAMS 0x00000000a6c00000, 0x00000000a6c00000| Untracked 
|  73|0x00000000a6d00000, 0x00000000a6d00000, 0x00000000a6e00000|  0%| F|  |TAMS 0x00000000a6d00000, 0x00000000a6d00000| Untracked 
|  74|0x00000000a6e00000, 0x00000000a6e00000, 0x00000000a6f00000|  0%| F|  |TAMS 0x00000000a6e00000, 0x00000000a6e00000| Untracked 
|  75|0x00000000a6f00000, 0x00000000a6f00000, 0x00000000a7000000|  0%| F|  |TAMS 0x00000000a6f00000, 0x00000000a6f00000| Untracked 
|  76|0x00000000a7000000, 0x00000000a7000000, 0x00000000a7100000|  0%| F|  |TAMS 0x00000000a7000000, 0x00000000a7000000| Untracked 
|  77|0x00000000a7100000, 0x00000000a7100000, 0x00000000a7200000|  0%| F|  |TAMS 0x00000000a7100000, 0x00000000a7100000| Untracked 
|  78|0x00000000a7200000, 0x00000000a7200000, 0x00000000a7300000|  0%| F|  |TAMS 0x00000000a7200000, 0x00000000a7200000| Untracked 
|  79|0x00000000a7300000, 0x00000000a7300000, 0x00000000a7400000|  0%| F|  |TAMS 0x00000000a7300000, 0x00000000a7300000| Untracked 
|  80|0x00000000a7400000, 0x00000000a7400000, 0x00000000a7500000|  0%| F|  |TAMS 0x00000000a7400000, 0x00000000a7400000| Untracked 
|  81|0x00000000a7500000, 0x00000000a7500000, 0x00000000a7600000|  0%| F|  |TAMS 0x00000000a7500000, 0x00000000a7500000| Untracked 
|  82|0x00000000a7600000, 0x00000000a7600000, 0x00000000a7700000|  0%| F|  |TAMS 0x00000000a7600000, 0x00000000a7600000| Untracked 
|  83|0x00000000a7700000, 0x00000000a7700000, 0x00000000a7800000|  0%| F|  |TAMS 0x00000000a7700000, 0x00000000a7700000| Untracked 
|  84|0x00000000a7800000, 0x00000000a7800000, 0x00000000a7900000|  0%| F|  |TAMS 0x00000000a7800000, 0x00000000a7800000| Untracked 
|  85|0x00000000a7900000, 0x00000000a7900000, 0x00000000a7a00000|  0%| F|  |TAMS 0x00000000a7900000, 0x00000000a7900000| Untracked 
|  86|0x00000000a7a00000, 0x00000000a7a76438, 0x00000000a7b00000| 46%| E|  |TAMS 0x00000000a7a00000, 0x00000000a7a00000| Complete 
|  87|0x00000000a7b00000, 0x00000000a7c00000, 0x00000000a7c00000|100%| E|CS|TAMS 0x00000000a7b00000, 0x00000000a7b00000| Complete 
|  88|0x00000000a7c00000, 0x00000000a7d00000, 0x00000000a7d00000|100%| E|CS|TAMS 0x00000000a7c00000, 0x00000000a7c00000| Complete 
|  89|0x00000000a7d00000, 0x00000000a7e00000, 0x00000000a7e00000|100%| E|CS|TAMS 0x00000000a7d00000, 0x00000000a7d00000| Complete 
|  90|0x00000000a7e00000, 0x00000000a7f00000, 0x00000000a7f00000|100%| E|CS|TAMS 0x00000000a7e00000, 0x00000000a7e00000| Complete 
|  91|0x00000000a7f00000, 0x00000000a8000000, 0x00000000a8000000|100%| E|CS|TAMS 0x00000000a7f00000, 0x00000000a7f00000| Complete 
|  92|0x00000000a8000000, 0x00000000a8100000, 0x00000000a8100000|100%| E|CS|TAMS 0x00000000a8000000, 0x00000000a8000000| Complete 
|  93|0x00000000a8100000, 0x00000000a8200000, 0x00000000a8200000|100%| E|CS|TAMS 0x00000000a8100000, 0x00000000a8100000| Complete 

Card table byte_map: [0x0000015434000000,0x00000154342f0000] _byte_map_base: 0x0000015433aee000

Marking Bits (Prev, Next): (CMBitMap*) 0x000001541cc35df0, (CMBitMap*) 0x000001541cc35e30
 Prev Bits: [0x00000154345e0000, 0x0000015435d50000)
 Next Bits: [0x0000015435d50000, 0x00000154374c0000)

Polling page: 0x000001541abe0000

Metaspace:

Usage:
  Non-class:      5.75 MB used.
      Class:    741.54 KB used.
       Both:      6.47 MB used.

Virtual space:
  Non-class space:       64.00 MB reserved,       5.81 MB (  9%) committed,  1 nodes.
      Class space:        1.00 GB reserved,     832.00 KB ( <1%) committed,  1 nodes.
             Both:        1.06 GB reserved,       6.62 MB ( <1%) committed. 

Chunk freelists:
   Non-Class:  10.14 MB
       Class:  15.12 MB
        Both:  25.26 MB

MaxMetaspaceSize: unlimited
CompressedClassSpaceSize: 1.00 GB
Initial GC threshold: 21.00 MB
Current GC threshold: 21.00 MB
CDS: on
MetaspaceReclaimPolicy: balanced
 - commit_granule_bytes: 65536.
 - commit_granule_words: 8192.
 - virtual_space_node_default_size: 8388608.
 - enlarge_chunks_in_place: 1.
 - new_chunks_are_fully_committed: 0.
 - uncommit_free_chunks: 1.
 - use_allocation_guard: 0.
 - handle_deallocations: 1.


Internal statistics:

num_allocs_failed_limit: 0.
num_arena_births: 106.
num_arena_deaths: 0.
num_vsnodes_births: 2.
num_vsnodes_deaths: 0.
num_space_committed: 106.
num_space_uncommitted: 0.
num_chunks_returned_to_freelist: 0.
num_chunks_taken_from_freelist: 147.
num_chunk_merges: 0.
num_chunk_splits: 80.
num_chunks_enlarged: 21.
num_purges: 0.
num_inconsistent_stats: 0.

CodeHeap 'non-profiled nmethods': size=119168Kb used=244Kb max_used=244Kb free=118923Kb
 bounds [0x000001542c030000, 0x000001542c2a0000, 0x0000015433490000]
CodeHeap 'profiled nmethods': size=119104Kb used=1315Kb max_used=1315Kb free=117788Kb
 bounds [0x0000015424490000, 0x0000015424700000, 0x000001542b8e0000]
CodeHeap 'non-nmethods': size=7488Kb used=1250Kb max_used=1821Kb free=6237Kb
 bounds [0x000001542b8e0000, 0x000001542bb50000, 0x000001542c030000]
 total_blobs=1462 nmethods=893 adapters=482
 compilation: enabled
              stopped_count=0, restarted_count=0
 full_count=0

Compilation events (20 events):
Event: 4.629 Thread 0x000001543a430bf0  883       1       java.lang.AbstractStringBuilder::length (5 bytes)
Event: 4.629 Thread 0x000001543a430bf0 nmethod 883 0x000001542c06aa10 code [0x000001542c06aba0, 0x000001542c06ac78]
Event: 24.781 Thread 0x000001543a430bf0  884       3       java.util.ArrayList::toArray (57 bytes)
Event: 24.782 Thread 0x000001543a430bf0 nmethod 884 0x00000154245d7790 code [0x00000154245d7960, 0x00000154245d7ed8]
Event: 27.727 Thread 0x000001543a430bf0  886       3       sun.java2d.d3d.D3DSurfaceData$D3DWindowSurfaceData::isDirty (18 bytes)
Event: 27.727 Thread 0x000001543a430bf0 nmethod 886 0x00000154245d8010 code [0x00000154245d81c0, 0x00000154245d83e8]
Event: 27.727 Thread 0x000001543a430bf0  887       3       sun.java2d.StateTrackableDelegate$1::isCurrent (17 bytes)
Event: 27.727 Thread 0x000001543a430bf0 nmethod 887 0x00000154245d8490 code [0x00000154245d8620, 0x00000154245d8798]
Event: 454.539 Thread 0x000001543a4234f0  888       4       java.util.Arrays::copyOf (40 bytes)
Event: 454.549 Thread 0x000001543a4234f0 nmethod 888 0x000001542c06b110 code [0x000001542c06b2a0, 0x000001542c06b6f8]
Event: 467.082 Thread 0x000001543a430bf0  889       3       java.lang.Class::getComponentType (14 bytes)
Event: 467.082 Thread 0x000001543a430bf0 nmethod 889 0x00000154245d8890 code [0x00000154245d8a40, 0x00000154245d8c08]
Event: 468.606 Thread 0x000001543a4234f0  890       4       java.util.Arrays::copyOf (40 bytes)
Event: 468.650 Thread 0x000001543a4234f0 nmethod 890 0x000001542c06b990 code [0x000001542c06bb20, 0x000001542c06bfd8]
Event: 583.877 Thread 0x000001543a4234f0  891       4       java.util.ArrayList::toArray (57 bytes)
Event: 583.881 Thread 0x000001543a4234f0 nmethod 891 0x000001542c06c210 code [0x000001542c06c3a0, 0x000001542c06c6f8]
Event: 586.828 Thread 0x000001543a4234f0  892       4       sun.java2d.d3d.D3DSurfaceData$D3DWindowSurfaceData::isDirty (18 bytes)
Event: 586.870 Thread 0x000001543a4234f0 nmethod 892 0x000001542c06c890 code [0x000001542c06ca20, 0x000001542c06caf8]
Event: 597.947 Thread 0x000001543a4234f0  893       4       java.util.ArrayList::toArray (57 bytes)
Event: 597.950 Thread 0x000001543a4234f0 nmethod 893 0x000001542c06cc10 code [0x000001542c06cda0, 0x000001542c06d1f8]

GC Heap History (0 events):
No events

Deoptimization events (20 events):
Event: 0.764 Thread 0x000001541cbe9340 Uncommon trap: trap_request=0xffffffc6 fr.pc=0x000001542c05a4d4 relative=0x0000000000000a54
Event: 0.764 Thread 0x000001541cbe9340 Uncommon trap: reason=bimorphic_or_optimized_type_check action=maybe_recompile pc=0x000001542c05a4d4 method=java.util.HashMap.putVal(ILjava/lang/Object;Ljava/lang/Object;ZZ)Ljava/lang/Object; @ 152 c2
Event: 0.764 Thread 0x000001541cbe9340 DEOPT PACKING pc=0x000001542c05a4d4 sp=0x0000001d3fafc900
Event: 0.764 Thread 0x000001541cbe9340 DEOPT UNPACKING pc=0x000001542b9323a3 sp=0x0000001d3fafc828 mode 2
Event: 0.764 Thread 0x000001541cbe9340 Uncommon trap: trap_request=0xffffffc6 fr.pc=0x000001542c05a4d4 relative=0x0000000000000a54
Event: 0.764 Thread 0x000001541cbe9340 Uncommon trap: reason=bimorphic_or_optimized_type_check action=maybe_recompile pc=0x000001542c05a4d4 method=java.util.HashMap.putVal(ILjava/lang/Object;Ljava/lang/Object;ZZ)Ljava/lang/Object; @ 152 c2
Event: 0.764 Thread 0x000001541cbe9340 DEOPT PACKING pc=0x000001542c05a4d4 sp=0x0000001d3fafc900
Event: 0.764 Thread 0x000001541cbe9340 DEOPT UNPACKING pc=0x000001542b9323a3 sp=0x0000001d3fafc828 mode 2
Event: 0.778 Thread 0x000001541cbe9340 Uncommon trap: trap_request=0xffffff45 fr.pc=0x000001542c057bf0 relative=0x00000000000004b0
Event: 0.778 Thread 0x000001541cbe9340 Uncommon trap: reason=unstable_if action=reinterpret pc=0x000001542c057bf0 method=java.lang.StringLatin1.replace([BCC)Ljava/lang/String; @ 19 c2
Event: 0.778 Thread 0x000001541cbe9340 DEOPT PACKING pc=0x000001542c057bf0 sp=0x0000001d3fafe550
Event: 0.778 Thread 0x000001541cbe9340 DEOPT UNPACKING pc=0x000001542b9323a3 sp=0x0000001d3fafe4d0 mode 2
Event: 454.646 Thread 0x00000154005aead0 Uncommon trap: trap_request=0xffffffcc fr.pc=0x000001542c06b4e0 relative=0x0000000000000240
Event: 454.646 Thread 0x00000154005aead0 Uncommon trap: reason=intrinsic_or_type_checked_inlining action=make_not_entrant pc=0x000001542c06b4e0 method=java.util.Arrays.copyOf([Ljava/lang/Object;ILjava/lang/Class;)[Ljava/lang/Object; @ 35 c2
Event: 454.646 Thread 0x00000154005aead0 DEOPT PACKING pc=0x000001542c06b4e0 sp=0x0000001d41eff030
Event: 454.647 Thread 0x00000154005aead0 DEOPT UNPACKING pc=0x000001542b9323a3 sp=0x0000001d41efefc0 mode 2
Event: 583.992 Thread 0x00000154005aead0 Uncommon trap: trap_request=0xffffffdc fr.pc=0x000001542c06c52c relative=0x000000000000018c
Event: 583.992 Thread 0x00000154005aead0 Uncommon trap: reason=class_check action=make_not_entrant pc=0x000001542c06c52c method=java.util.ArrayList.toArray([Ljava/lang/Object;)[Ljava/lang/Object; @ 21 c2
Event: 583.992 Thread 0x00000154005aead0 DEOPT PACKING pc=0x000001542c06c52c sp=0x0000001d41eff090
Event: 583.992 Thread 0x00000154005aead0 DEOPT UNPACKING pc=0x000001542b9323a3 sp=0x0000001d41eff050 mode 2

Classes unloaded (0 events):
No events

Classes redefined (0 events):
No events

Internal exceptions (19 events):
Event: 0.175 Thread 0x000001541cbe9340 Exception <a 'sun/nio/fs/WindowsException'{0x00000000a80417a8}> (0x00000000a80417a8) 
thrown [s\open\src\hotspot\share\prims\jni.cpp, line 516]
Event: 0.176 Thread 0x000001541cbe9340 Exception <a 'sun/nio/fs/WindowsException'{0x00000000a8041d68}> (0x00000000a8041d68) 
thrown [s\open\src\hotspot\share\prims\jni.cpp, line 516]
Event: 0.180 Thread 0x000001541cbe9340 Exception <a 'sun/nio/fs/WindowsException'{0x00000000a8044358}> (0x00000000a8044358) 
thrown [s\open\src\hotspot\share\prims\jni.cpp, line 516]
Event: 0.180 Thread 0x000001541cbe9340 Exception <a 'sun/nio/fs/WindowsException'{0x00000000a8044f08}> (0x00000000a8044f08) 
thrown [s\open\src\hotspot\share\prims\jni.cpp, line 516]
Event: 0.181 Thread 0x000001541cbe9340 Exception <a 'sun/nio/fs/WindowsException'{0x00000000a8045b08}> (0x00000000a8045b08) 
thrown [s\open\src\hotspot\share\prims\jni.cpp, line 516]
Event: 0.181 Thread 0x000001541cbe9340 Exception <a 'sun/nio/fs/WindowsException'{0x00000000a8046778}> (0x00000000a8046778) 
thrown [s\open\src\hotspot\share\prims\jni.cpp, line 516]
Event: 0.229 Thread 0x000001541cbe9340 Exception <a 'java/lang/ClassNotFoundException'{0x00000000a7f2dc08}: sun/awt/resources/spi/awtProvider> (0x00000000a7f2dc08) 
thrown [s\open\src\hotspot\share\classfile\systemDictionary.cpp, line 256]
Event: 0.264 Thread 0x000001541cbe9340 Exception <a 'java/io/FileNotFoundException'{0x00000000a7f800e0}> (0x00000000a7f800e0) 
thrown [s\open\src\hotspot\share\prims\jni.cpp, line 516]
Event: 0.273 Thread 0x000001541cbe9340 Exception <a 'java/io/FileNotFoundException'{0x00000000a7fad2c0}> (0x00000000a7fad2c0) 
thrown [s\open\src\hotspot\share\prims\jni.cpp, line 516]
Event: 0.348 Thread 0x000001541cbe9340 Exception <a 'java/lang/NoSuchMethodError'{0x00000000a7ff1320}: 'java.lang.Object java.lang.invoke.DirectMethodHandle$Holder.invokeStaticInit(java.lang.Object)'> (0x00000000a7ff1320) 
thrown [s\open\src\hotspot\share\interpreter\linkResolver.cpp, line 759]
Event: 0.594 Thread 0x000001541cbe9340 Exception <a 'java/lang/NoSuchMethodError'{0x00000000a7eb2578}: 'void java.lang.invoke.DirectMethodHandle$Holder.invokeSpecial(java.lang.Object, java.lang.Object, java.lang.Object)'> (0x00000000a7eb2578) 
thrown [s\open\src\hotspot\share\interpreter\linkResolver.cpp, line 759]
Event: 0.605 Thread 0x000001541cbe9340 Exception <a 'java/lang/NoSuchMethodError'{0x00000000a7edc750}: 'java.lang.Object java.lang.invoke.DirectMethodHandle$Holder.newInvokeSpecial(java.lang.Object, java.lang.Object, java.lang.Object, java.lang.Object, java.lang.Object)'> (0x00000000a7edc750) 
thrown [s\open\src\hotspot\share\interpreter\linkResolver.cpp, line 759]
Event: 0.607 Thread 0x000001541cbe9340 Exception <a 'java/lang/NoSuchMethodError'{0x00000000a7ee8118}: 'java.lang.Object java.lang.invoke.DirectMethodHandle$Holder.invokeStatic(java.lang.Object, int, java.lang.Object, java.lang.Object, java.lang.Object, java.lang.Object)'> (0x00000000a7ee8118) 
thrown [s\open\src\hotspot\share\interpreter\linkResolver.cpp, line 759]
Event: 0.613 Thread 0x000001541cbe9340 Exception <a 'java/lang/NoSuchMethodError'{0x00000000a7d0e230}: 'java.lang.Object java.lang.invoke.DirectMethodHandle$Holder.invokeStatic(java.lang.Object, int, java.lang.Object)'> (0x00000000a7d0e230) 
thrown [s\open\src\hotspot\share\interpreter\linkResolver.cpp, line 759]
Event: 0.643 Thread 0x000001541cbe9340 Exception <a 'java/lang/ClassNotFoundException'{0x00000000a7dc6000}: com/sun/swing/internal/plaf/metal/resources/spi/metalProvider> (0x00000000a7dc6000) 
thrown [s\open\src\hotspot\share\classfile\systemDictionary.cpp, line 256]
Event: 0.644 Thread 0x000001541cbe9340 Exception <a 'java/lang/ClassNotFoundException'{0x00000000a7dc9e58}: com/sun/swing/internal/plaf/basic/resources/spi/basicProvider> (0x00000000a7dc9e58) 
thrown [s\open\src\hotspot\share\classfile\systemDictionary.cpp, line 256]
Event: 0.678 Thread 0x000001543a8e03d0 Exception <a 'java/lang/NoSuchMethodError'{0x00000000a7e10288}: 'void java.lang.invoke.DirectMethodHandle$Holder.invokeVirtual(java.lang.Object, java.lang.Object)'> (0x00000000a7e10288) 
thrown [s\open\src\hotspot\share\interpreter\linkResolver.cpp, line 759]
Event: 0.712 Thread 0x000001541cbe9340 Exception <a 'java/lang/NoSuchMethodError'{0x00000000a7c22578}: 'void java.lang.invoke.DirectMethodHandle$Holder.invokeStaticInit(java.lang.Object)'> (0x00000000a7c22578) 
thrown [s\open\src\hotspot\share\interpreter\linkResolver.cpp, line 759]
Event: 0.733 Thread 0x000001541cbe9340 Exception <a 'java/io/FileNotFoundException'{0x00000000a7c2e868}> (0x00000000a7c2e868) 
thrown [s\open\src\hotspot\share\prims\jni.cpp, line 516]

VM Operations (14 events):
Event: 0.182 Executing VM operation: HandshakeAllThreads
Event: 0.182 Executing VM operation: HandshakeAllThreads done
Event: 0.661 Executing VM operation: HandshakeAllThreads
Event: 0.661 Executing VM operation: HandshakeAllThreads done
Event: 0.763 Executing VM operation: HandshakeAllThreads
Event: 0.763 Executing VM operation: HandshakeAllThreads done
Event: 0.947 Executing VM operation: HandshakeAllThreads
Event: 0.947 Executing VM operation: HandshakeAllThreads done
Event: 1.960 Executing VM operation: Cleanup
Event: 1.960 Executing VM operation: Cleanup done
Event: 2.961 Executing VM operation: Cleanup
Event: 2.962 Executing VM operation: Cleanup done
Event: 4.981 Executing VM operation: Cleanup
Event: 4.981 Executing VM operation: Cleanup done

Events (20 events):
Event: 1.509 Thread 0x000001543a6342d0 Thread exited: 0x000001543a6342d0
Event: 1.809 loading class javax/swing/event/ChangeEvent
Event: 1.809 loading class javax/swing/event/ChangeEvent done
Event: 2.489 loading class java/awt/LightweightDispatcher$2
Event: 2.489 loading class java/awt/LightweightDispatcher$2 done
Event: 4.594 loading class java/awt/KeyboardFocusManager$2
Event: 4.594 loading class java/awt/KeyboardFocusManager$2 done
Event: 4.595 loading class sun/awt/SunToolkit$1
Event: 4.595 loading class sun/awt/SunToolkit$1 done
Event: 1975.136 loading class java/util/WeakHashMap$KeyIterator
Event: 1975.145 loading class java/util/WeakHashMap$HashIterator
Event: 1975.157 loading class java/util/WeakHashMap$HashIterator done
Event: 1975.157 loading class java/util/WeakHashMap$KeyIterator done
Event: 1975.204 loading class javax/swing/RepaintManager$DisplayChangedRunnable
Event: 1975.217 loading class javax/swing/RepaintManager$DisplayChangedRunnable done
Event: 1975.239 loading class java/awt/image/Raster
Event: 1975.340 loading class java/awt/image/Raster done
Event: 1975.351 loading class java/awt/image/DataBufferInt
Event: 1975.352 loading class java/awt/image/DataBuffer
Event: 1975.360 loading class java/awt/image/DataBuffer done


Dynamic libraries:
0x00007ff7574b0000 - 0x00007ff7574c0000 	C:\Program Files\Java\jdk-17\bin\java.exe
0x00007ff87f9f0000 - 0x00007ff87fc07000 	C:\WINDOWS\SYSTEM32\ntdll.dll
0x00007ff87d980000 - 0x00007ff87da44000 	C:\WINDOWS\System32\KERNEL32.DLL
0x00007ff87d230000 - 0x00007ff87d5d6000 	C:\WINDOWS\System32\KERNELBASE.dll
0x00007ff87cd70000 - 0x00007ff87ce81000 	C:\WINDOWS\System32\ucrtbase.dll
0x00007ff8614b0000 - 0x00007ff8614c9000 	C:\Program Files\Java\jdk-17\bin\jli.dll
0x00007ff8612c0000 - 0x00007ff8612db000 	C:\Program Files\Java\jdk-17\bin\VCRUNTIME140.dll
0x00007ff87f8b0000 - 0x00007ff87f960000 	C:\WINDOWS\System32\ADVAPI32.dll
0x00007ff87d7d0000 - 0x00007ff87d877000 	C:\WINDOWS\System32\msvcrt.dll
0x00007ff87da50000 - 0x00007ff87daf6000 	C:\WINDOWS\System32\sechost.dll
0x00007ff87db10000 - 0x00007ff87dc27000 	C:\WINDOWS\System32\RPCRT4.dll
0x00007ff87ec90000 - 0x00007ff87ee3d000 	C:\WINDOWS\System32\USER32.dll
0x00007ff87cfc0000 - 0x00007ff87cfe6000 	C:\WINDOWS\System32\win32u.dll
0x00007ff860b30000 - 0x00007ff860dc3000 	C:\WINDOWS\WinSxS\amd64_microsoft.windows.common-controls_6595b64144ccf1df_6.0.22621.2361_none_2712ced57382f843\COMCTL32.dll
0x00007ff87ee80000 - 0x00007ff87eea9000 	C:\WINDOWS\System32\GDI32.dll
0x00007ff87cff0000 - 0x00007ff87d108000 	C:\WINDOWS\System32\gdi32full.dll
0x00007ff87d190000 - 0x00007ff87d22a000 	C:\WINDOWS\System32\msvcp_win.dll
0x00007ff873e70000 - 0x00007ff873e7a000 	C:\WINDOWS\SYSTEM32\VERSION.dll
0x00007ff87f7e0000 - 0x00007ff87f811000 	C:\WINDOWS\System32\IMM32.DLL
0x00007ff8612b0000 - 0x00007ff8612bc000 	C:\Program Files\Java\jdk-17\bin\vcruntime140_1.dll
0x00007ff84bf40000 - 0x00007ff84bfce000 	C:\Program Files\Java\jdk-17\bin\msvcp140.dll
0x00007fffe9750000 - 0x00007fffea32e000 	C:\Program Files\Java\jdk-17\bin\server\jvm.dll
0x00007ff87ef20000 - 0x00007ff87ef28000 	C:\WINDOWS\System32\PSAPI.DLL
0x00007ff873780000 - 0x00007ff8737b4000 	C:\WINDOWS\SYSTEM32\WINMM.dll
0x00007ff86bc20000 - 0x00007ff86bc29000 	C:\WINDOWS\SYSTEM32\WSOCK32.dll
0x00007ff87e810000 - 0x00007ff87e881000 	C:\WINDOWS\System32\ws2_32.DLL
0x00007ff87bd70000 - 0x00007ff87bd88000 	C:\WINDOWS\SYSTEM32\kernel.appcore.dll
0x00007ff8611f0000 - 0x00007ff8611fa000 	C:\Program Files\Java\jdk-17\bin\jimage.dll
0x00007ff87a730000 - 0x00007ff87a95e000 	C:\WINDOWS\SYSTEM32\DBGHELP.DLL
0x00007ff87e890000 - 0x00007ff87ec1a000 	C:\WINDOWS\System32\combase.dll
0x00007ff87ef90000 - 0x00007ff87f067000 	C:\WINDOWS\System32\OLEAUT32.dll
0x00007ff870840000 - 0x00007ff870872000 	C:\WINDOWS\SYSTEM32\dbgcore.DLL
0x00007ff87d110000 - 0x00007ff87d18a000 	C:\WINDOWS\System32\bcryptPrimitives.dll
0x00007ff85eac0000 - 0x00007ff85eae5000 	C:\Program Files\Java\jdk-17\bin\java.dll
0x00007ff84c230000 - 0x00007ff84c307000 	C:\Program Files\Java\jdk-17\bin\jsvml.dll
0x00007ff87ddf0000 - 0x00007ff87e648000 	C:\WINDOWS\System32\SHELL32.dll
0x00007ff87ac80000 - 0x00007ff87b572000 	C:\WINDOWS\SYSTEM32\windows.storage.dll
0x00007ff87ab40000 - 0x00007ff87ac7e000 	C:\WINDOWS\SYSTEM32\wintypes.dll
0x00007ff87d880000 - 0x00007ff87d973000 	C:\WINDOWS\System32\SHCORE.dll
0x00007ff87ec30000 - 0x00007ff87ec8e000 	C:\WINDOWS\System32\shlwapi.dll
0x00007ff87cca0000 - 0x00007ff87ccc6000 	C:\WINDOWS\SYSTEM32\profapi.dll
0x00007ff85bbb0000 - 0x00007ff85bbc9000 	C:\Program Files\Java\jdk-17\bin\net.dll
0x00007ff874390000 - 0x00007ff8744c7000 	C:\WINDOWS\SYSTEM32\WINHTTP.dll
0x00007ff87c1f0000 - 0x00007ff87c259000 	C:\WINDOWS\system32\mswsock.dll
0x00007ff8587a0000 - 0x00007ff8587b6000 	C:\Program Files\Java\jdk-17\bin\nio.dll
0x00007ff8515c0000 - 0x00007ff8515d8000 	C:\Program Files\Java\jdk-17\bin\zip.dll
0x00007ff84bb30000 - 0x00007ff84bcc1000 	C:\Program Files\Java\jdk-17\bin\awt.dll
0x00007ff879b90000 - 0x00007ff879c27000 	C:\WINDOWS\SYSTEM32\apphelp.dll
0x00007ff87a180000 - 0x00007ff87a1ab000 	C:\WINDOWS\system32\DWMAPI.DLL
0x00007ff879f20000 - 0x00007ff879fcb000 	C:\WINDOWS\system32\uxtheme.dll
0x00007ff82a850000 - 0x00007ff82a950000 	C:\WINDOWS\system32\opengl32.dll
0x00007ff82a820000 - 0x00007ff82a84d000 	C:\WINDOWS\SYSTEM32\GLU32.dll
0x00007ff87a030000 - 0x00007ff87a066000 	C:\WINDOWS\SYSTEM32\dxcore.dll
0x00007ff840370000 - 0x00007ff8404a9000 	C:\ProgramData\A-Volute\A-Volute.Nahimic\Modules\Scheduled\x64\AudioDevProps2.dll
0x00007ff87f4f0000 - 0x00007ff87f68f000 	C:\WINDOWS\System32\ole32.dll
0x00007ff87f690000 - 0x00007ff87f7dc000 	C:\WINDOWS\System32\MSCTF.dll
0x00007ff83f860000 - 0x00007ff83fa09000 	C:\WINDOWS\system32\d3d9.dll
0x00007ff872770000 - 0x00007ff87292b000 	C:\WINDOWS\System32\DriverStore\FileRepository\u0391129.inf_amd64_7a819ad751ab7622\B390488\aticfx64.dll
0x00007ff84c6c0000 - 0x00007ff84c6f4000 	C:\WINDOWS\System32\DriverStore\FileRepository\u0391129.inf_amd64_7a819ad751ab7622\B390488\atiu9p64.dll
0x00007fffcda90000 - 0x00007fffce7e5000 	C:\WINDOWS\System32\DriverStore\FileRepository\u0391129.inf_amd64_7a819ad751ab7622\B390488\atiumd64.dll
0x000000006cff0000 - 0x000000006df18000 	C:\WINDOWS\System32\DriverStore\FileRepository\u0391129.inf_amd64_7a819ad751ab7622\B390488\atiumd6a.dll
0x00007ff87f070000 - 0x00007ff87f4e4000 	C:\WINDOWS\System32\SETUPAPI.dll
0x00007ff87cc40000 - 0x00007ff87cc8d000 	C:\WINDOWS\SYSTEM32\POWRPROF.dll
0x00007ff87c620000 - 0x00007ff87c648000 	C:\WINDOWS\SYSTEM32\bcrypt.dll
0x00007ff87cb70000 - 0x00007ff87cb83000 	C:\WINDOWS\SYSTEM32\UMPDC.dll
0x00007ff871f40000 - 0x00007ff871f75000 	C:\WINDOWS\SYSTEM32\amdihk64.dll
0x00007ff876350000 - 0x00007ff87639a000 	C:\WINDOWS\SYSTEM32\directxdatabasehelper.dll
0x00007ff84beb0000 - 0x00007ff84bf36000 	C:\Program Files\Java\jdk-17\bin\freetype.dll
0x00007ff84ba50000 - 0x00007ff84bb23000 	C:\Program Files\Java\jdk-17\bin\fontmanager.dll
0x00007ff85c2b0000 - 0x00007ff85c3fa000 	C:\WINDOWS\SYSTEM32\textinputframework.dll
0x00007ff8798b0000 - 0x00007ff8799e3000 	C:\WINDOWS\SYSTEM32\CoreMessaging.dll
0x00007ff874fa0000 - 0x00007ff87530c000 	C:\WINDOWS\SYSTEM32\CoreUIComponents.dll
0x00007ff87c410000 - 0x00007ff87c41c000 	C:\WINDOWS\SYSTEM32\CRYPTBASE.DLL

dbghelp: loaded successfully - version: 4.0.5 - missing functions: none
symbol engine: initialized successfully - sym options: 0x614 - pdb path: .;C:\Program Files\Java\jdk-17\bin;C:\WINDOWS\SYSTEM32;C:\WINDOWS\WinSxS\amd64_microsoft.windows.common-controls_6595b64144ccf1df_6.0.22621.2361_none_2712ced57382f843;C:\Program Files\Java\jdk-17\bin\server;C:\ProgramData\A-Volute\A-Volute.Nahimic\Modules\Scheduled\x64;C:\WINDOWS\System32\DriverStore\FileRepository\u0391129.inf_amd64_7a819ad751ab7622\B390488

VM Arguments:
jvm_args: -Dfile.encoding=UTF-8 --module-path=C:\Users\saish\OneDrive\Documents\NetBeansProjects\universitymanagementsystem\build\classes 
java_command: universitymanagementsystem.AddStudent
java_class_path (initial): C:\Users\saish\Downloads\jcalendar-tz-1.3.3-4.jar;C:\Users\saish\Downloads\mysql-connector-java-8.0.28.jar;C:\Users\saish\Downloads\rs2xml.jar;C:\Users\saish\OneDrive\Documents\NetBeansProjects\universitymanagementsystem\build\classes
Launcher Type: SUN_STANDARD

[Global flags]
     intx CICompilerCount                          = 12                                        {product} {ergonomic}
     uint ConcGCThreads                            = 3                                         {product} {ergonomic}
     uint G1ConcRefinementThreads                  = 13                                        {product} {ergonomic}
   size_t G1HeapRegionSize                         = 1048576                                   {product} {ergonomic}
    uintx GCDrainStackTargetSize                   = 64                                        {product} {ergonomic}
   size_t InitialHeapSize                          = 98566144                                  {product} {ergonomic}
   size_t MarkStackSize                            = 4194304                                   {product} {ergonomic}
   size_t MaxHeapSize                              = 1572864000                                {product} {ergonomic}
   size_t MaxNewSize                               = 943718400                                 {product} {ergonomic}
   size_t MinHeapDeltaBytes                        = 1048576                                   {product} {ergonomic}
   size_t MinHeapSize                              = 8388608                                   {product} {ergonomic}
    uintx NonNMethodCodeHeapSize                   = 7602480                                {pd product} {ergonomic}
    uintx NonProfiledCodeHeapSize                  = 122027880                              {pd product} {ergonomic}
    uintx ProfiledCodeHeapSize                     = 122027880                              {pd product} {ergonomic}
    uintx ReservedCodeCacheSize                    = 251658240                              {pd product} {ergonomic}
     bool SegmentedCodeCache                       = true                                      {product} {ergonomic}
   size_t SoftMaxHeapSize                          = 1572864000                             {manageable} {ergonomic}
     bool UseCompressedClassPointers               = true                           {product lp64_product} {ergonomic}
     bool UseCompressedOops                        = true                           {product lp64_product} {ergonomic}
     bool UseG1GC                                  = true                                      {product} {ergonomic}
     bool UseLargePagesIndividualAllocation        = false                                  {pd product} {ergonomic}

Logging:
Log output configuration:
 #0: stdout all=warning uptime,level,tags
 #1: stderr all=off uptime,level,tags

Environment Variables:
PATH=C:\Program Files\Common Files\Oracle\Java\javapath;C:\Program Files\Microsoft\jdk-11.0.16.101-hotspot\bin;C:\Windows\system32;C:\Windows;C:\Windows\System32\Wbem;C:\Windows\System32\WindowsPowerShell\v1.0\;C:\Windows\System32\OpenSSH\;C:\Program Files (x86)\NVIDIA Corporation\PhysX\Common;C:\Program Files\NVIDIA Corporation\NVIDIA NvDLISR;C:\WINDOWS\system32;C:\WINDOWS;C:\WINDOWS\System32\Wbem;C:\WINDOWS\System32\WindowsPowerShell\v1.0\;C:\WINDOWS\System32\OpenSSH\;C:\Program Files\Microsoft SQL Server\150\Tools\Binn\;C:\Program Files\PuTTY\;C:\Program Files\Microsoft SQL Server\130\Tools\Binn\;C:\Program Files\Java\jdk-17\bin;C:\Program Files\Git\cmd;C:\Users\saish\AppData\Local\Programs\Python\Python312\Scripts\;C:\Users\saish\AppData\Local\Programs\Python\Python312\;C:\Program Files\MySQL\MySQL Shell 8.0\bin\;C:\Users\saish\AppData\Local\Microsoft\WindowsApps;;C:\Program Files\JetBrains\PyCharm 2023.2.3\bin;
USERNAME=saish
OS=Windows_NT
PROCESSOR_IDENTIFIER=AMD64 Family 25 Model 80 Stepping 0, AuthenticAMD



---------------  S Y S T E M  ---------------

OS:
 Windows 11 , 64 bit Build 22621 (10.0.22621.2428)
OS uptime: 1 days 17:32 hours
Hyper-V role detected

CPU: total 16 (initial active 16) (16 cores per cpu, 2 threads per core) family 25 model 80 stepping 0 microcode 0x0, cx8, cmov, fxsr, ht, mmx, 3dnowpref, sse, sse2, sse3, ssse3, sse4a, sse4.1, sse4.2, popcnt, lzcnt, tsc, tscinvbit, avx, avx2, aes, erms, clmul, bmi1, bmi2, adx, sha, fma, vzeroupper, clflush, clflushopt, hv

Memory: 4k page, system-wide physical 5996M (51M free)
TotalPageFile size 18284M (AvailPageFile size 0M)
current process WorkingSet (physical memory assigned to process): 24M, peak: 81M
current process commit charge ("private bytes"): 236M, peak: 237M

vm_info: Java HotSpot(TM) 64-Bit Server VM (17.0.8+9-LTS-211) for windows-amd64 JRE (17.0.8+9-LTS-211), built on Jun 14 2023 10:34:31 by "mach5one" with MS VC++ 17.1 (VS2022)

END.
